Array
(
    [蒼き独眼] => 90.47619047619
    [喰らいあう] => 89.21568627451
    [生きることとみつけたり] => 81.818181818182
    [悪路王] => 67.763157894737
    [組曲「鬼子母神」～鬼拵ノ唄] => 63.829787234043
    [卍] => 62.240663900415
    [甲賀忍法帖] => 61.410788381743
    [羅刹] => 61.185983827493
    [鬼斬忍法帖] => 60.36866359447
    [組曲「鬼子母神」～鬼子母人] => 57.446808510638
    [組曲「義経」～悪忌判官] => 56.382978723404
    [がしゃ髑髏] => 55.725190839695
    [組曲「鬼子母神」～膾] => 55.31914893617
    [わいら] => 53.550295857988
    [鳳翼天翔] => 52.958579881657
    [孔雀忍法帖] => 52.941176470588
    [焔之鳥] => 52.366863905325
    [がいながてや] => 52.345679012346
    [貍囃子] => 50
    [骸] => 48.701298701299
    [おらびなはい] => 47.45308310992
    [煌] => 47.43935309973
    [亥の子唄] => 46.3133640553
    [ひょうすべ] => 44.516129032258
    [火車の轍] => 43.645083932854
    [紺碧の双刃] => 43.636363636364
    [魔王] => 43.506493506494
    [彷徨える] => 42.916666666667
    [しょうけら] => 40.458015267176
    [序曲] => 40.25974025974
    [百の鬼が夜を行く] => 39.62703962704
    [組曲「鬼子母神」～産衣] => 38.297872340426
    [組曲「鬼子母神」～啾啾] => 38.297872340426
    [組曲「鬼子母神」～鬼哭] => 38.297872340426
    [組曲「鬼子母神」～徨] => 38.297872340426
    [魃] => 36.153846153846
    [にょろにょろ] => 35.384615384615
    [組曲「九尾」～殺生石] => 33.333333333333
    [鬼ころし] => 32.5
    [月に叢雲花に風] => 32.010582010582
    [組曲「義経」〜悪忌判官] => 31.818181818182
    [舞いあがる] => 31.065088757396
    [挽歌] => 30.392156862745
    [睡] => 30.333333333333
    [黒衣の天女] => 29.677419354839
    [貘] => 29.411764705882
    [十六夜の雨] => 29.411764705882
    [傀儡忍法帖] => 28.957528957529
    [鬼一口] => 28.461538461538
    [道成寺蛇ノ獄] => 28.461538461538
    [浸食輪廻] => 27.5
    [野衾忍法帖] => 26.717557251908
    [青坊主] => 26.153846153846
    [小袖の手] => 25.490196078431
    [酒呑童子] => 25.384615384615
    [靂] => 25.10460251046
    [百々目鬼] => 24.75
    [紅葉] => 24.427480916031
    [邪魅の抱擁] => 24.414715719064
    [我が屍を越えてゆけ] => 24.166666666667
    [相剋] => 23.809523809524
    [河童をどり] => 23.666666666667
    [組曲「鬼子母神」～紅涙] => 23.404255319149
    [組曲「鬼子母神」～径] => 23.404255319149
    [組曲「鬼子母神」～怨讐の果て] => 23.404255319149
    [叢原火] => 22.781065088757
    [夢幻] => 22.742474916388
    [組曲「鬼子母神」〜鬼拵ノ唄] => 22.727272727273
    [舞頚] => 22.408026755853
    [式を駆る者] => 22.388059701493
    [桜花ノ理] => 22.169811320755
    [木葉天狗] => 21.641791044776
    [飛影] => 21.641791044776
    [組曲「九尾」～照魔鏡] => 21.56862745098
    [組曲「九尾」～玉藻前] => 21.56862745098
    [鎮魂の歌] => 21.538461538462
    [組曲「鬼子母神」～柘榴と呪縛] => 21.276595744681
    [組曲「鬼子母神」～月光] => 21.276595744681
    [癲狂院狂人廓] => 20.544554455446
    [龍の雲を得る如し] => 20.416666666667
    [妖花忍法帖] => 19.822485207101
    [蘭] => 19.230769230769
    [&nbsp;] => 19.230769230769
    [陽炎忍法帖] => 19.137466307278
    [慟哭] => 18.627450980392
    [月花] => 18.410041841004
    [窮奇] => 18.225419664269
    [組曲「鬼子母神」〜膾] => 18.181818181818
    [不倶戴天] => 17.41935483871
    [陰陽師] => 17.361111111111
    [鼓動] => 16
    [蛟龍の巫女] => 15.899581589958
    [不知火] => 15.899581589958
    [煙々羅] => 15.719063545151
    [化外忍法帖] => 13.647642679901
    [文車に燃ゆ恋文] => 13.594470046083
    [烏天狗] => 13.477088948787
    [醒] => 13.44262295082
    [塗り壁] => 13.366336633663
    [夢虫] => 13.235294117647
    [蟒蛇万歳] => 12.94964028777
    [朧車] => 12.628865979381
    [鵺] => 12.426035502959
    [接吻] => 12.337662337662
    [鬼] => 12.21198156682
    [麒麟] => 12.130177514793
    [牛鬼祀り] => 11.71875
    [涅槃忍法帖] => 10.702341137124
    [組曲「義経」～来世邂逅] => 10.373443983402
    [組曲「義経」～夢魔炎上] => 10.373443983402
    [土蜘蛛忌譚] => 10.169491525424
    [輪入道] => 10.033444816054
    [組曲「鬼子母神」〜徨] => 9.0909090909091
    [梧桐の丘] => 8.8815789473684
    [面影] => 8.5798816568047
    [泥田坊] => 8.3870967741935
    [顎門] => 8.2089552238806
    [飛頭蛮] => 7.9881656804734
    [覇道忍法帖] => 7.7922077922078
    [大頚] => 7.7922077922078
    [眩暈坂] => 7.6036866359447
    [組曲「黒塚」～安達ヶ原] => 6.7385444743935
    [組曲「黒塚」～鬼哭啾々] => 6.7385444743935
    [帝図魔魁譚] => 6.6997518610422
    [逢魔刻] => 6.6974595842956
    [空蝉忍法帖] => 6.5155807365439
    [跫音] => 6.4516129032258
    [八咫烏] => 5.9101654846336
    [目々連] => 5.8441558441558
    [氷の楔] => 5.5427251732102
    [微睡忍法帖] => 5.524861878453
    [奇子] => 5.4590570719603
    [月姫] => 5.3921568627451
    [降臨] => 4.953560371517
    [組曲「鬼子母神」〜産衣] => 4.5454545454545
    [組曲「鬼子母神」〜鬼子母人] => 4.5454545454545
    [組曲「鬼子母神」〜啾啾] => 4.5454545454545
    [組曲「鬼子母神」〜鬼哭] => 4.5454545454545
    [舞あがる] => 3.7037037037037
    [がいなかてや] => 3.7037037037037
    [荊棘忍法帖] => 3.4313725490196
    [亥の子唄～Heaven and Hell(BLACK SABBATH)] => 3.2786885245902
    [歪む月] => 3.25
    [組曲｢義経｣～夢魔炎上] => 2.8571428571429
    [組曲｢黒塚｣～安達ヶ原] => 2.8571428571429
    [組曲｢義経｣～悪忌判官] => 2.8571428571429
    [組曲｢義経｣～来世邂逅] => 2.8571428571429
    [組曲｢黒塚｣～鬼哭啾々] => 2.8571428571429
    [螢] => 2.5069637883008
    [星の宿り] => 2.0833333333333
    [がいながいてや] => 1.3422818791946
    [組曲「九尾」～殺生石/li>] => 1.010101010101
    [舞頸] => 0.68027210884354
    [組曲『義経』～悪忌判官] => 0.58479532163743
    [土蜘蛛忌譚（新曲）] => 0.56179775280899
    [がいながてや（バーベルとセッション）] => 0.56179775280899
    [蠎蛇万歳] => 0.5524861878453
    [明日なき戦い(IRON MAIDEN)] => 0.45871559633028
    [鬼ころ] => 0.45662100456621
    [狸囃子] => 0.34364261168385
    [おらびなはい～がいながてや（メドレー）] => 0.30769230769231
    [聖母忍法帖
（カヴァー：「聖母たちのララバイ」の忍法帖アレンジ）] => 0.29940119760479
    [聖母たちのララバイ（大江千里氏とのセッション）] => 0.29850746268657
    [わいら（新曲）] => 0.29411764705882
    [Ace Of Spades（MOTORHEADのカヴァー）] => 0.29239766081871
    [おらびはない] => 0.29154518950437
    [釈迦（筋肉少女帯）with.大槻ケンヂ＆三柴理] => 0.28248587570621
    [空蝉忍法帖（新曲）] => 0.28248587570621
    [暗闇団子（バーベルのカヴァー）] => 0.28169014084507
    [釈迦（筋肉少女帯のカヴァー）] => 0.28011204481793
    [陰陽師　ピアノ：三柴 理（特撮）] => 0.27173913043478
    [氷の楔　ピアノ：三柴 理（特撮）] => 0.27173913043478
    [組曲「黒塚」～安達ヶ原　ピアノ：三柴 理（特撮）] => 0.27173913043478
    [組曲「黒塚」～鬼哭啾々　ピアノ：三柴 理（特撮）] => 0.27173913043478
    [烏天狗（新曲）] => 0.26881720430108
    [陽炎忍法帖（新曲）] => 0.26809651474531
    [組曲「黒塚」～鬼哭啾々（新曲）] => 0.26809651474531
    [跫音（新曲）] => 0.26809651474531
    [羅刹（新曲）] => 0.26809651474531
    [煌（新曲）] => 0.26809651474531
    [組曲「黒塚」～安達ヶ原（新曲）] => 0.26809651474531
    [おらびなはい（新曲）] => 0.26737967914438
    [夜歩くプラネタリウム人間] => 0.26666666666667
    [マタンゴ] => 0.26666666666667
    [釈迦] => 0.26666666666667
    [サンフランシスコ] => 0.26666666666667
    [キノコパワー] => 0.26666666666667
    [螢（新曲）] => 0.26595744680851
    [月に叢雲花に風（アコースティック・バージョン）] => 0.26595744680851
    [がいながてや（アコースティック・バージョン）] => 0.26595744680851
    [月に叢雲花に風（新曲）] => 0.26385224274406
    [マタンゴ（筋肉少女帯のカヴァー）] => 0.25974025974026
    [夜歩くプラネタリウム人間（筋肉少女帯のカヴァー）] => 0.25974025974026
    [夜が終わっちまう前に…
（犬神サーカス団との楽曲交換。
  犬神サーカス団は陰陽座の「文車に燃ゆ恋文」を演奏）] => 0.25773195876289
    [牛鬼祀り（新曲）] => 0.25706940874036
    [Over The Rainbow～KILL THE KING
（RAINBOWのカヴァー）] => 0.25706940874036
    [朧車（新曲）] => 0.25706940874036
    [浸食輪廻（新曲）] => 0.24937655860349
    [百々目鬼（新曲）] => 0.24937655860349
    [式を駆る者（新曲）] => 0.24813895781638
    [塗り壁（新曲）] => 0.24691358024691
    [化外忍法帖（新曲）] => 0.24691358024691
    [帝図魔魁譚（新曲）] => 0.24691358024691
    [奇子（新曲）] => 0.24509803921569
    [Hellion～Electric eye（JUDAS PRIESTのカヴァー）] => 0.24509803921569
    [がいながてや（新曲）] => 0.24509803921569
    [癲狂院狂人廓（新曲）] => 0.24509803921569
    [窮奇（新曲）] => 0.23923444976077
    [蟒蛇万歳（新曲）] => 0.23866348448687
    [21世紀の精神異常者（KING CRIMSONのカヴァー）] => 0.23809523809524
    [火車の轍（新曲）] => 0.23696682464455
    [月姫（新曲）] => 0.23696682464455
    [八咫烏（新曲）] => 0.23584905660377
    [桜花ノ理（新曲）] => 0.23529411764706
    [無風忍法帖] => -
    [蛇蠱] => -
    [然れど偽りの送り火] => -
    [八百比丘尼] => -
    [一目連] => -
    [雲は龍に舞い、風は鳳に歌う] => -
    [春爛漫に式の舞う也] => -
    [故に其の疾きこと風の如く] => -
    [神風] => -
    [飆] => -
    [眼指] => -
    [組曲「九尾」〜玉藻前] => -
    [組曲「黒塚」〜鬼哭啾々] => -
    [組曲「黒塚」〜安達ヶ原] => -
    [紅き群闇] => -
    [イベントのアンコールとして、出演者全員で
20th Century Boy] => -
    [組曲「鬼子母神」〜径] => -
    [組曲「九尾」〜殺生石] => -
    [窮寄] => -
    [がしゃ髑髏] => -
    [生きもの狂い] => -
    [吹けよ風、轟けよ雷] => -
    [風神] => -
)
